[0.605s] DEBUG:colcon:Command line arguments: ['/usr/bin/colcon', 'build', '--packages-select', 'ros-imu-bno055']
[0.605s] DEBUG:colcon:Parsed command line arguments: Namespace(log_base=None, log_level=None, verb_name='build', build_base='build', install_base='install', merge_install=False, symlink_install=False, test_result_base=None, continue_on_error=False, executor='parallel', parallel_workers=4, event_handlers=None, ignore_user_meta=False, metas=['./colcon.meta'], base_paths=['.'], packages_ignore=None, packages_ignore_regex=None, paths=None, packages_up_to=None, packages_up_to_regex=None, packages_above=None, packages_above_and_dependencies=None, packages_above_depth=None, packages_select_by_dep=None, packages_skip_by_dep=None, packages_skip_up_to=None, packages_select_build_failed=False, packages_skip_build_finished=False, packages_select_test_failures=False, packages_skip_test_passed=False, packages_select=['ros-imu-bno055'], packages_skip=None, packages_select_regex=None, packages_skip_regex=None, packages_start=None, packages_end=None, allow_overriding=[], cmake_args=None, cmake_target=None, cmake_target_skip_unavailable=False, cmake_clean_cache=False, cmake_clean_first=False, cmake_force_configure=False, ament_cmake_args=None, catkin_cmake_args=None, catkin_skip_building_tests=False, verb_parser=<colcon_defaults.argument_parser.defaults.DefaultArgumentsDecorator object at 0xffffa0f3d240>, verb_extension=<colcon_core.verb.build.BuildVerb object at 0xffffa12e5150>, main=<bound method BuildVerb.main of <colcon_core.verb.build.BuildVerb object at 0xffffa12e5150>>)
[1.873s] Level 1:colcon.colcon_core.package_discovery:discover_packages(colcon_meta) check parameters
[1.873s] Level 1:colcon.colcon_core.package_discovery:discover_packages(recursive) check parameters
[1.874s] Level 1:colcon.colcon_core.package_discovery:discover_packages(ignore) check parameters
[1.874s] Level 1:colcon.colcon_core.package_discovery:discover_packages(path) check parameters
[1.874s] Level 1:colcon.colcon_core.package_discovery:discover_packages(colcon_meta) discover
[1.874s] Level 1:colcon.colcon_core.package_discovery:discover_packages(recursive) discover
[1.875s] INFO:colcon.colcon_core.package_discovery:Crawling recursively for packages in '/home/ubuntu/ros_ws/src'
[1.875s] Level 1:colcon.colcon_core.package_identification:_identify(.) by extensions ['ignore', 'ignore_ament_install']
[1.876s] Level 1:colcon.colcon_core.package_identification:_identify(.) by extension 'ignore'
[1.876s] Level 1:colcon.colcon_core.package_identification:_identify(.) by extension 'ignore_ament_install'
[1.876s] Level 1:colcon.colcon_core.package_identification:_identify(.) by extensions ['colcon_pkg']
[1.877s] Level 1:colcon.colcon_core.package_identification:_identify(.) by extension 'colcon_pkg'
[1.877s] Level 1:colcon.colcon_core.package_identification:_identify(.) by extensions ['colcon_meta']
[1.877s] Level 1:colcon.colcon_core.package_identification:_identify(.) by extension 'colcon_meta'
[1.877s] Level 1:colcon.colcon_core.package_identification:_identify(.) by extensions ['ros']
[1.878s] Level 1:colcon.colcon_core.package_identification:_identify(.) by extension 'ros'
[1.935s] Level 1:colcon.colcon_core.package_identification:_identify(.) by extensions ['cmake', 'python']
[1.936s] Level 1:colcon.colcon_core.package_identification:_identify(.) by extension 'cmake'
[1.936s] Level 1:colcon.colcon_core.package_identification:_identify(.) by extension 'python'
[1.936s] Level 1:colcon.colcon_core.package_identification:_identify(.) by extensions ['python_setup_py']
[1.937s] Level 1:colcon.colcon_core.package_identification:_identify(.) by extension 'python_setup_py'
[1.937s] Level 1:colcon.colcon_core.package_identification:_identify(build) by extensions ['ignore', 'ignore_ament_install']
[1.938s] Level 1:colcon.colcon_core.package_identification:_identify(build) by extension 'ignore'
[1.938s] Level 1:colcon.colcon_core.package_identification:_identify(build) ignored
[1.939s] Level 1:colcon.colcon_core.package_identification:_identify(champ) by extensions ['ignore', 'ignore_ament_install']
[1.940s] Level 1:colcon.colcon_core.package_identification:_identify(champ) by extension 'ignore'
[1.940s] Level 1:colcon.colcon_core.package_identification:_identify(champ) by extension 'ignore_ament_install'
[1.940s] Level 1:colcon.colcon_core.package_identification:_identify(champ) by extensions ['colcon_pkg']
[1.941s] Level 1:colcon.colcon_core.package_identification:_identify(champ) by extension 'colcon_pkg'
[1.941s] Level 1:colcon.colcon_core.package_identification:_identify(champ) by extensions ['colcon_meta']
[1.941s] Level 1:colcon.colcon_core.package_identification:_identify(champ) by extension 'colcon_meta'
[1.941s] Level 1:colcon.colcon_core.package_identification:_identify(champ) by extensions ['ros']
[1.941s] Level 1:colcon.colcon_core.package_identification:_identify(champ) by extension 'ros'
[1.942s] Level 1:colcon.colcon_core.package_identification:_identify(champ) by extensions ['cmake', 'python']
[1.942s] Level 1:colcon.colcon_core.package_identification:_identify(champ) by extension 'cmake'
[1.942s] Level 1:colcon.colcon_core.package_identification:_identify(champ) by extension 'python'
[1.943s] Level 1:colcon.colcon_core.package_identification:_identify(champ) by extensions ['python_setup_py']
[1.943s] Level 1:colcon.colcon_core.package_identification:_identify(champ) by extension 'python_setup_py'
[1.944s] Level 1:colcon.colcon_core.package_identification:_identify(champ/champ) by extensions ['ignore', 'ignore_ament_install']
[1.944s] Level 1:colcon.colcon_core.package_identification:_identify(champ/champ) by extension 'ignore'
[1.944s] Level 1:colcon.colcon_core.package_identification:_identify(champ/champ) by extension 'ignore_ament_install'
[1.945s] Level 1:colcon.colcon_core.package_identification:_identify(champ/champ) by extensions ['colcon_pkg']
[1.945s] Level 1:colcon.colcon_core.package_identification:_identify(champ/champ) by extension 'colcon_pkg'
[1.945s] Level 1:colcon.colcon_core.package_identification:_identify(champ/champ) by extensions ['colcon_meta']
[1.945s] Level 1:colcon.colcon_core.package_identification:_identify(champ/champ) by extension 'colcon_meta'
[1.946s] Level 1:colcon.colcon_core.package_identification:_identify(champ/champ) by extensions ['ros']
[1.946s] Level 1:colcon.colcon_core.package_identification:_identify(champ/champ) by extension 'ros'
[1.956s] DEBUG:colcon.colcon_core.package_identification:Package 'champ/champ' with type 'ros.ament_cmake' and name 'champ'
[1.957s] Level 1:colcon.colcon_core.package_identification:_identify(champ/champ_base) by extensions ['ignore', 'ignore_ament_install']
[1.957s] Level 1:colcon.colcon_core.package_identification:_identify(champ/champ_base) by extension 'ignore'
[1.958s] Level 1:colcon.colcon_core.package_identification:_identify(champ/champ_base) by extension 'ignore_ament_install'
[1.958s] Level 1:colcon.colcon_core.package_identification:_identify(champ/champ_base) by extensions ['colcon_pkg']
[1.958s] Level 1:colcon.colcon_core.package_identification:_identify(champ/champ_base) by extension 'colcon_pkg'
[1.959s] Level 1:colcon.colcon_core.package_identification:_identify(champ/champ_base) by extensions ['colcon_meta']
[1.959s] Level 1:colcon.colcon_core.package_identification:_identify(champ/champ_base) by extension 'colcon_meta'
[1.959s] Level 1:colcon.colcon_core.package_identification:_identify(champ/champ_base) by extensions ['ros']
[1.959s] Level 1:colcon.colcon_core.package_identification:_identify(champ/champ_base) by extension 'ros'
[1.972s] DEBUG:colcon.colcon_core.package_identification:Package 'champ/champ_base' with type 'ros.ament_cmake' and name 'champ_base'
[1.973s] Level 1:colcon.colcon_core.package_identification:_identify(champ/champ_bringup) by extensions ['ignore', 'ignore_ament_install']
[1.973s] Level 1:colcon.colcon_core.package_identification:_identify(champ/champ_bringup) by extension 'ignore'
[1.974s] Level 1:colcon.colcon_core.package_identification:_identify(champ/champ_bringup) by extension 'ignore_ament_install'
[1.974s] Level 1:colcon.colcon_core.package_identification:_identify(champ/champ_bringup) by extensions ['colcon_pkg']
[1.975s] Level 1:colcon.colcon_core.package_identification:_identify(champ/champ_bringup) by extension 'colcon_pkg'
[1.975s] Level 1:colcon.colcon_core.package_identification:_identify(champ/champ_bringup) by extensions ['colcon_meta']
[1.975s] Level 1:colcon.colcon_core.package_identification:_identify(champ/champ_bringup) by extension 'colcon_meta'
[1.976s] Level 1:colcon.colcon_core.package_identification:_identify(champ/champ_bringup) by extensions ['ros']
[1.976s] Level 1:colcon.colcon_core.package_identification:_identify(champ/champ_bringup) by extension 'ros'
[1.979s] DEBUG:colcon.colcon_core.package_identification:Package 'champ/champ_bringup' with type 'ros.ament_cmake' and name 'champ_bringup'
[1.980s] Level 1:colcon.colcon_core.package_identification:_identify(champ/champ_config) by extensions ['ignore', 'ignore_ament_install']
[1.980s] Level 1:colcon.colcon_core.package_identification:_identify(champ/champ_config) by extension 'ignore'
[1.981s] Level 1:colcon.colcon_core.package_identification:_identify(champ/champ_config) by extension 'ignore_ament_install'
[1.981s] Level 1:colcon.colcon_core.package_identification:_identify(champ/champ_config) by extensions ['colcon_pkg']
[1.981s] Level 1:colcon.colcon_core.package_identification:_identify(champ/champ_config) by extension 'colcon_pkg'
[1.981s] Level 1:colcon.colcon_core.package_identification:_identify(champ/champ_config) by extensions ['colcon_meta']
[1.982s] Level 1:colcon.colcon_core.package_identification:_identify(champ/champ_config) by extension 'colcon_meta'
[1.982s] Level 1:colcon.colcon_core.package_identification:_identify(champ/champ_config) by extensions ['ros']
[1.982s] Level 1:colcon.colcon_core.package_identification:_identify(champ/champ_config) by extension 'ros'
[1.985s] DEBUG:colcon.colcon_core.package_identification:Package 'champ/champ_config' with type 'ros.ament_cmake' and name 'champ_config'
[1.985s] Level 1:colcon.colcon_core.package_identification:_identify(champ/champ_description) by extensions ['ignore', 'ignore_ament_install']
[1.986s] Level 1:colcon.colcon_core.package_identification:_identify(champ/champ_description) by extension 'ignore'
[1.986s] Level 1:colcon.colcon_core.package_identification:_identify(champ/champ_description) by extension 'ignore_ament_install'
[1.987s] Level 1:colcon.colcon_core.package_identification:_identify(champ/champ_description) by extensions ['colcon_pkg']
[1.987s] Level 1:colcon.colcon_core.package_identification:_identify(champ/champ_description) by extension 'colcon_pkg'
[1.987s] Level 1:colcon.colcon_core.package_identification:_identify(champ/champ_description) by extensions ['colcon_meta']
[1.987s] Level 1:colcon.colcon_core.package_identification:_identify(champ/champ_description) by extension 'colcon_meta'
[1.988s] Level 1:colcon.colcon_core.package_identification:_identify(champ/champ_description) by extensions ['ros']
[1.988s] Level 1:colcon.colcon_core.package_identification:_identify(champ/champ_description) by extension 'ros'
[1.991s] DEBUG:colcon.colcon_core.package_identification:Package 'champ/champ_description' with type 'ros.ament_cmake' and name 'champ_description'
[1.992s] Level 1:colcon.colcon_core.package_identification:_identify(champ/champ_gazebo) by extensions ['ignore', 'ignore_ament_install']
[1.992s] Level 1:colcon.colcon_core.package_identification:_identify(champ/champ_gazebo) by extension 'ignore'
[1.992s] Level 1:colcon.colcon_core.package_identification:_identify(champ/champ_gazebo) by extension 'ignore_ament_install'
[1.993s] Level 1:colcon.colcon_core.package_identification:_identify(champ/champ_gazebo) by extensions ['colcon_pkg']
[1.993s] Level 1:colcon.colcon_core.package_identification:_identify(champ/champ_gazebo) by extension 'colcon_pkg'
[1.993s] Level 1:colcon.colcon_core.package_identification:_identify(champ/champ_gazebo) by extensions ['colcon_meta']
[1.993s] Level 1:colcon.colcon_core.package_identification:_identify(champ/champ_gazebo) by extension 'colcon_meta'
[1.994s] Level 1:colcon.colcon_core.package_identification:_identify(champ/champ_gazebo) by extensions ['ros']
[1.994s] Level 1:colcon.colcon_core.package_identification:_identify(champ/champ_gazebo) by extension 'ros'
[1.994s] Level 1:colcon.colcon_core.package_identification:_identify(champ/champ_gazebo) ignored
[1.995s] Level 1:colcon.colcon_core.package_identification:_identify(champ/champ_msgs) by extensions ['ignore', 'ignore_ament_install']
[1.995s] Level 1:colcon.colcon_core.package_identification:_identify(champ/champ_msgs) by extension 'ignore'
[1.996s] Level 1:colcon.colcon_core.package_identification:_identify(champ/champ_msgs) by extension 'ignore_ament_install'
[1.996s] Level 1:colcon.colcon_core.package_identification:_identify(champ/champ_msgs) by extensions ['colcon_pkg']
[1.996s] Level 1:colcon.colcon_core.package_identification:_identify(champ/champ_msgs) by extension 'colcon_pkg'
[1.997s] Level 1:colcon.colcon_core.package_identification:_identify(champ/champ_msgs) by extensions ['colcon_meta']
[1.997s] Level 1:colcon.colcon_core.package_identification:_identify(champ/champ_msgs) by extension 'colcon_meta'
[1.997s] Level 1:colcon.colcon_core.package_identification:_identify(champ/champ_msgs) by extensions ['ros']
[1.997s] Level 1:colcon.colcon_core.package_identification:_identify(champ/champ_msgs) by extension 'ros'
[2.001s] DEBUG:colcon.colcon_core.package_identification:Package 'champ/champ_msgs' with type 'ros.ament_cmake' and name 'champ_msgs'
[2.001s] Level 1:colcon.colcon_core.package_identification:_identify(champ/champ_navigation) by extensions ['ignore', 'ignore_ament_install']
[2.002s] Level 1:colcon.colcon_core.package_identification:_identify(champ/champ_navigation) by extension 'ignore'
[2.002s] Level 1:colcon.colcon_core.package_identification:_identify(champ/champ_navigation) by extension 'ignore_ament_install'
[2.003s] Level 1:colcon.colcon_core.package_identification:_identify(champ/champ_navigation) by extensions ['colcon_pkg']
[2.003s] Level 1:colcon.colcon_core.package_identification:_identify(champ/champ_navigation) by extension 'colcon_pkg'
[2.003s] Level 1:colcon.colcon_core.package_identification:_identify(champ/champ_navigation) by extensions ['colcon_meta']
[2.003s] Level 1:colcon.colcon_core.package_identification:_identify(champ/champ_navigation) by extension 'colcon_meta'
[2.004s] Level 1:colcon.colcon_core.package_identification:_identify(champ/champ_navigation) by extensions ['ros']
[2.004s] Level 1:colcon.colcon_core.package_identification:_identify(champ/champ_navigation) by extension 'ros'
[2.004s] Level 1:colcon.colcon_core.package_identification:_identify(champ/champ_navigation) ignored
[2.005s] Level 1:colcon.colcon_core.package_identification:_identify(champ/docs) by extensions ['ignore', 'ignore_ament_install']
[2.005s] Level 1:colcon.colcon_core.package_identification:_identify(champ/docs) by extension 'ignore'
[2.005s] Level 1:colcon.colcon_core.package_identification:_identify(champ/docs) by extension 'ignore_ament_install'
[2.006s] Level 1:colcon.colcon_core.package_identification:_identify(champ/docs) by extensions ['colcon_pkg']
[2.006s] Level 1:colcon.colcon_core.package_identification:_identify(champ/docs) by extension 'colcon_pkg'
[2.006s] Level 1:colcon.colcon_core.package_identification:_identify(champ/docs) by extensions ['colcon_meta']
[2.006s] Level 1:colcon.colcon_core.package_identification:_identify(champ/docs) by extension 'colcon_meta'
[2.007s] Level 1:colcon.colcon_core.package_identification:_identify(champ/docs) by extensions ['ros']
[2.007s] Level 1:colcon.colcon_core.package_identification:_identify(champ/docs) by extension 'ros'
[2.007s] Level 1:colcon.colcon_core.package_identification:_identify(champ/docs) by extensions ['cmake', 'python']
[2.008s] Level 1:colcon.colcon_core.package_identification:_identify(champ/docs) by extension 'cmake'
[2.008s] Level 1:colcon.colcon_core.package_identification:_identify(champ/docs) by extension 'python'
[2.008s] Level 1:colcon.colcon_core.package_identification:_identify(champ/docs) by extensions ['python_setup_py']
[2.008s] Level 1:colcon.colcon_core.package_identification:_identify(champ/docs) by extension 'python_setup_py'
[2.009s] Level 1:colcon.colcon_core.package_identification:_identify(champ/docs/images) by extensions ['ignore', 'ignore_ament_install']
[2.009s] Level 1:colcon.colcon_core.package_identification:_identify(champ/docs/images) by extension 'ignore'
[2.010s] Level 1:colcon.colcon_core.package_identification:_identify(champ/docs/images) by extension 'ignore_ament_install'
[2.010s] Level 1:colcon.colcon_core.package_identification:_identify(champ/docs/images) by extensions ['colcon_pkg']
[2.010s] Level 1:colcon.colcon_core.package_identification:_identify(champ/docs/images) by extension 'colcon_pkg'
[2.011s] Level 1:colcon.colcon_core.package_identification:_identify(champ/docs/images) by extensions ['colcon_meta']
[2.011s] Level 1:colcon.colcon_core.package_identification:_identify(champ/docs/images) by extension 'colcon_meta'
[2.011s] Level 1:colcon.colcon_core.package_identification:_identify(champ/docs/images) by extensions ['ros']
[2.011s] Level 1:colcon.colcon_core.package_identification:_identify(champ/docs/images) by extension 'ros'
[2.012s] Level 1:colcon.colcon_core.package_identification:_identify(champ/docs/images) by extensions ['cmake', 'python']
[2.012s] Level 1:colcon.colcon_core.package_identification:_identify(champ/docs/images) by extension 'cmake'
[2.012s] Level 1:colcon.colcon_core.package_identification:_identify(champ/docs/images) by extension 'python'
[2.012s] Level 1:colcon.colcon_core.package_identification:_identify(champ/docs/images) by extensions ['python_setup_py']
[2.013s] Level 1:colcon.colcon_core.package_identification:_identify(champ/docs/images) by extension 'python_setup_py'
[2.013s] Level 1:colcon.colcon_core.package_identification:_identify(champ_teleop) by extensions ['ignore', 'ignore_ament_install']
[2.014s] Level 1:colcon.colcon_core.package_identification:_identify(champ_teleop) by extension 'ignore'
[2.014s] Level 1:colcon.colcon_core.package_identification:_identify(champ_teleop) by extension 'ignore_ament_install'
[2.015s] Level 1:colcon.colcon_core.package_identification:_identify(champ_teleop) by extensions ['colcon_pkg']
[2.015s] Level 1:colcon.colcon_core.package_identification:_identify(champ_teleop) by extension 'colcon_pkg'
[2.015s] Level 1:colcon.colcon_core.package_identification:_identify(champ_teleop) by extensions ['colcon_meta']
[2.015s] Level 1:colcon.colcon_core.package_identification:_identify(champ_teleop) by extension 'colcon_meta'
[2.015s] Level 1:colcon.colcon_core.package_identification:_identify(champ_teleop) by extensions ['ros']
[2.016s] Level 1:colcon.colcon_core.package_identification:_identify(champ_teleop) by extension 'ros'
[2.019s] DEBUG:colcon.colcon_core.package_identification:Package 'champ_teleop' with type 'ros.ament_cmake' and name 'champ_teleop'
[2.020s] Level 1:colcon.colcon_core.package_identification:_identify(install) by extensions ['ignore', 'ignore_ament_install']
[2.021s] Level 1:colcon.colcon_core.package_identification:_identify(install) by extension 'ignore'
[2.021s] Level 1:colcon.colcon_core.package_identification:_identify(install) ignored
[2.022s] Level 1:colcon.colcon_core.package_identification:_identify(ldlidar) by extensions ['ignore', 'ignore_ament_install']
[2.023s] Level 1:colcon.colcon_core.package_identification:_identify(ldlidar) by extension 'ignore'
[2.023s] Level 1:colcon.colcon_core.package_identification:_identify(ldlidar) by extension 'ignore_ament_install'
[2.023s] Level 1:colcon.colcon_core.package_identification:_identify(ldlidar) by extensions ['colcon_pkg']
[2.023s] Level 1:colcon.colcon_core.package_identification:_identify(ldlidar) by extension 'colcon_pkg'
[2.024s] Level 1:colcon.colcon_core.package_identification:_identify(ldlidar) by extensions ['colcon_meta']
[2.024s] Level 1:colcon.colcon_core.package_identification:_identify(ldlidar) by extension 'colcon_meta'
[2.024s] Level 1:colcon.colcon_core.package_identification:_identify(ldlidar) by extensions ['ros']
[2.024s] Level 1:colcon.colcon_core.package_identification:_identify(ldlidar) by extension 'ros'
[2.065s] DEBUG:colcon.colcon_core.package_identification:Package 'ldlidar' with type 'ros.ament_cmake' and name 'ldlidar'
[2.066s] Level 1:colcon.colcon_core.package_identification:_identify(log) by extensions ['ignore', 'ignore_ament_install']
[2.067s] Level 1:colcon.colcon_core.package_identification:_identify(log) by extension 'ignore'
[2.067s] Level 1:colcon.colcon_core.package_identification:_identify(log) ignored
[2.068s] Level 1:colcon.colcon_core.package_identification:_identify(mini_pupper_ros) by extensions ['ignore', 'ignore_ament_install']
[2.069s] Level 1:colcon.colcon_core.package_identification:_identify(mini_pupper_ros) by extension 'ignore'
[2.069s] Level 1:colcon.colcon_core.package_identification:_identify(mini_pupper_ros) by extension 'ignore_ament_install'
[2.070s] Level 1:colcon.colcon_core.package_identification:_identify(mini_pupper_ros) by extensions ['colcon_pkg']
[2.070s] Level 1:colcon.colcon_core.package_identification:_identify(mini_pupper_ros) by extension 'colcon_pkg'
[2.070s] Level 1:colcon.colcon_core.package_identification:_identify(mini_pupper_ros) by extensions ['colcon_meta']
[2.070s] Level 1:colcon.colcon_core.package_identification:_identify(mini_pupper_ros) by extension 'colcon_meta'
[2.071s] Level 1:colcon.colcon_core.package_identification:_identify(mini_pupper_ros) by extensions ['ros']
[2.071s] Level 1:colcon.colcon_core.package_identification:_identify(mini_pupper_ros) by extension 'ros'
[2.071s] Level 1:colcon.colcon_core.package_identification:_identify(mini_pupper_ros) by extensions ['cmake', 'python']
[2.071s] Level 1:colcon.colcon_core.package_identification:_identify(mini_pupper_ros) by extension 'cmake'
[2.072s] Level 1:colcon.colcon_core.package_identification:_identify(mini_pupper_ros) by extension 'python'
[2.072s] Level 1:colcon.colcon_core.package_identification:_identify(mini_pupper_ros) by extensions ['python_setup_py']
[2.072s] Level 1:colcon.colcon_core.package_identification:_identify(mini_pupper_ros) by extension 'python_setup_py'
[2.073s] Level 1:colcon.colcon_core.package_identification:_identify(mini_pupper_ros/mini_pupper_2_description) by extensions ['ignore', 'ignore_ament_install']
[2.073s] Level 1:colcon.colcon_core.package_identification:_identify(mini_pupper_ros/mini_pupper_2_description) by extension 'ignore'
[2.074s] Level 1:colcon.colcon_core.package_identification:_identify(mini_pupper_ros/mini_pupper_2_description) by extension 'ignore_ament_install'
[2.074s] Level 1:colcon.colcon_core.package_identification:_identify(mini_pupper_ros/mini_pupper_2_description) by extensions ['colcon_pkg']
[2.074s] Level 1:colcon.colcon_core.package_identification:_identify(mini_pupper_ros/mini_pupper_2_description) by extension 'colcon_pkg'
[2.075s] Level 1:colcon.colcon_core.package_identification:_identify(mini_pupper_ros/mini_pupper_2_description) by extensions ['colcon_meta']
[2.075s] Level 1:colcon.colcon_core.package_identification:_identify(mini_pupper_ros/mini_pupper_2_description) by extension 'colcon_meta'
[2.075s] Level 1:colcon.colcon_core.package_identification:_identify(mini_pupper_ros/mini_pupper_2_description) by extensions ['ros']
[2.075s] Level 1:colcon.colcon_core.package_identification:_identify(mini_pupper_ros/mini_pupper_2_description) by extension 'ros'
[2.078s] DEBUG:colcon.colcon_core.package_identification:Package 'mini_pupper_ros/mini_pupper_2_description' with type 'ros.ament_cmake' and name 'mini_pupper_2_description'
[2.079s] Level 1:colcon.colcon_core.package_identification:_identify(mini_pupper_ros/mini_pupper_bringup) by extensions ['ignore', 'ignore_ament_install']
[2.080s] Level 1:colcon.colcon_core.package_identification:_identify(mini_pupper_ros/mini_pupper_bringup) by extension 'ignore'
[2.080s] Level 1:colcon.colcon_core.package_identification:_identify(mini_pupper_ros/mini_pupper_bringup) by extension 'ignore_ament_install'
[2.080s] Level 1:colcon.colcon_core.package_identification:_identify(mini_pupper_ros/mini_pupper_bringup) by extensions ['colcon_pkg']
[2.081s] Level 1:colcon.colcon_core.package_identification:_identify(mini_pupper_ros/mini_pupper_bringup) by extension 'colcon_pkg'
[2.081s] Level 1:colcon.colcon_core.package_identification:_identify(mini_pupper_ros/mini_pupper_bringup) by extensions ['colcon_meta']
[2.081s] Level 1:colcon.colcon_core.package_identification:_identify(mini_pupper_ros/mini_pupper_bringup) by extension 'colcon_meta'
[2.081s] Level 1:colcon.colcon_core.package_identification:_identify(mini_pupper_ros/mini_pupper_bringup) by extensions ['ros']
[2.082s] Level 1:colcon.colcon_core.package_identification:_identify(mini_pupper_ros/mini_pupper_bringup) by extension 'ros'
[2.084s] DEBUG:colcon.colcon_core.package_identification:Package 'mini_pupper_ros/mini_pupper_bringup' with type 'ros.ament_cmake' and name 'mini_pupper_bringup'
[2.085s] Level 1:colcon.colcon_core.package_identification:_identify(mini_pupper_ros/mini_pupper_dance) by extensions ['ignore', 'ignore_ament_install']
[2.086s] Level 1:colcon.colcon_core.package_identification:_identify(mini_pupper_ros/mini_pupper_dance) by extension 'ignore'
[2.086s] Level 1:colcon.colcon_core.package_identification:_identify(mini_pupper_ros/mini_pupper_dance) by extension 'ignore_ament_install'
[2.086s] Level 1:colcon.colcon_core.package_identification:_identify(mini_pupper_ros/mini_pupper_dance) by extensions ['colcon_pkg']
[2.087s] Level 1:colcon.colcon_core.package_identification:_identify(mini_pupper_ros/mini_pupper_dance) by extension 'colcon_pkg'
[2.087s] Level 1:colcon.colcon_core.package_identification:_identify(mini_pupper_ros/mini_pupper_dance) by extensions ['colcon_meta']
[2.087s] Level 1:colcon.colcon_core.package_identification:_identify(mini_pupper_ros/mini_pupper_dance) by extension 'colcon_meta'
[2.087s] Level 1:colcon.colcon_core.package_identification:_identify(mini_pupper_ros/mini_pupper_dance) by extensions ['ros']
[2.088s] Level 1:colcon.colcon_core.package_identification:_identify(mini_pupper_ros/mini_pupper_dance) by extension 'ros'
[2.090s] DEBUG:colcon.colcon_core.package_identification:Package 'mini_pupper_ros/mini_pupper_dance' with type 'ros.ament_python' and name 'mini_pupper_dance'
[2.091s] Level 1:colcon.colcon_core.package_identification:_identify(mini_pupper_ros/mini_pupper_description) by extensions ['ignore', 'ignore_ament_install']
[2.092s] Level 1:colcon.colcon_core.package_identification:_identify(mini_pupper_ros/mini_pupper_description) by extension 'ignore'
[2.092s] Level 1:colcon.colcon_core.package_identification:_identify(mini_pupper_ros/mini_pupper_description) by extension 'ignore_ament_install'
[2.092s] Level 1:colcon.colcon_core.package_identification:_identify(mini_pupper_ros/mini_pupper_description) by extensions ['colcon_pkg']
[2.092s] Level 1:colcon.colcon_core.package_identification:_identify(mini_pupper_ros/mini_pupper_description) by extension 'colcon_pkg'
[2.093s] Level 1:colcon.colcon_core.package_identification:_identify(mini_pupper_ros/mini_pupper_description) by extensions ['colcon_meta']
[2.093s] Level 1:colcon.colcon_core.package_identification:_identify(mini_pupper_ros/mini_pupper_description) by extension 'colcon_meta'
[2.093s] Level 1:colcon.colcon_core.package_identification:_identify(mini_pupper_ros/mini_pupper_description) by extensions ['ros']
[2.093s] Level 1:colcon.colcon_core.package_identification:_identify(mini_pupper_ros/mini_pupper_description) by extension 'ros'
[2.096s] DEBUG:colcon.colcon_core.package_identification:Package 'mini_pupper_ros/mini_pupper_description' with type 'ros.ament_cmake' and name 'mini_pupper_description'
[2.097s] Level 1:colcon.colcon_core.package_identification:_identify(mini_pupper_ros/mini_pupper_driver) by extensions ['ignore', 'ignore_ament_install']
[2.098s] Level 1:colcon.colcon_core.package_identification:_identify(mini_pupper_ros/mini_pupper_driver) by extension 'ignore'
[2.098s] Level 1:colcon.colcon_core.package_identification:_identify(mini_pupper_ros/mini_pupper_driver) by extension 'ignore_ament_install'
[2.098s] Level 1:colcon.colcon_core.package_identification:_identify(mini_pupper_ros/mini_pupper_driver) by extensions ['colcon_pkg']
[2.099s] Level 1:colcon.colcon_core.package_identification:_identify(mini_pupper_ros/mini_pupper_driver) by extension 'colcon_pkg'
[2.099s] Level 1:colcon.colcon_core.package_identification:_identify(mini_pupper_ros/mini_pupper_driver) by extensions ['colcon_meta']
[2.099s] Level 1:colcon.colcon_core.package_identification:_identify(mini_pupper_ros/mini_pupper_driver) by extension 'colcon_meta'
[2.099s] Level 1:colcon.colcon_core.package_identification:_identify(mini_pupper_ros/mini_pupper_driver) by extensions ['ros']
[2.100s] Level 1:colcon.colcon_core.package_identification:_identify(mini_pupper_ros/mini_pupper_driver) by extension 'ros'
[2.104s] DEBUG:colcon.colcon_core.package_identification:Package 'mini_pupper_ros/mini_pupper_driver' with type 'ros.ament_python' and name 'mini_pupper_driver'
[2.105s] Level 1:colcon.colcon_core.package_identification:_identify(mini_pupper_ros/mini_pupper_gazebo) by extensions ['ignore', 'ignore_ament_install']
[2.105s] Level 1:colcon.colcon_core.package_identification:_identify(mini_pupper_ros/mini_pupper_gazebo) by extension 'ignore'
[2.105s] Level 1:colcon.colcon_core.package_identification:_identify(mini_pupper_ros/mini_pupper_gazebo) by extension 'ignore_ament_install'
[2.106s] Level 1:colcon.colcon_core.package_identification:_identify(mini_pupper_ros/mini_pupper_gazebo) by extensions ['colcon_pkg']
[2.106s] Level 1:colcon.colcon_core.package_identification:_identify(mini_pupper_ros/mini_pupper_gazebo) by extension 'colcon_pkg'
[2.106s] Level 1:colcon.colcon_core.package_identification:_identify(mini_pupper_ros/mini_pupper_gazebo) by extensions ['colcon_meta']
[2.107s] Level 1:colcon.colcon_core.package_identification:_identify(mini_pupper_ros/mini_pupper_gazebo) by extension 'colcon_meta'
[2.107s] Level 1:colcon.colcon_core.package_identification:_identify(mini_pupper_ros/mini_pupper_gazebo) by extensions ['ros']
[2.107s] Level 1:colcon.colcon_core.package_identification:_identify(mini_pupper_ros/mini_pupper_gazebo) by extension 'ros'
[2.107s] Level 1:colcon.colcon_core.package_identification:_identify(mini_pupper_ros/mini_pupper_gazebo) ignored
[2.108s] Level 1:colcon.colcon_core.package_identification:_identify(mini_pupper_ros/mini_pupper_interfaces) by extensions ['ignore', 'ignore_ament_install']
[2.109s] Level 1:colcon.colcon_core.package_identification:_identify(mini_pupper_ros/mini_pupper_interfaces) by extension 'ignore'
[2.109s] Level 1:colcon.colcon_core.package_identification:_identify(mini_pupper_ros/mini_pupper_interfaces) by extension 'ignore_ament_install'
[2.109s] Level 1:colcon.colcon_core.package_identification:_identify(mini_pupper_ros/mini_pupper_interfaces) by extensions ['colcon_pkg']
[2.109s] Level 1:colcon.colcon_core.package_identification:_identify(mini_pupper_ros/mini_pupper_interfaces) by extension 'colcon_pkg'
[2.110s] Level 1:colcon.colcon_core.package_identification:_identify(mini_pupper_ros/mini_pupper_interfaces) by extensions ['colcon_meta']
[2.110s] Level 1:colcon.colcon_core.package_identification:_identify(mini_pupper_ros/mini_pupper_interfaces) by extension 'colcon_meta'
[2.110s] Level 1:colcon.colcon_core.package_identification:_identify(mini_pupper_ros/mini_pupper_interfaces) by extensions ['ros']
[2.110s] Level 1:colcon.colcon_core.package_identification:_identify(mini_pupper_ros/mini_pupper_interfaces) by extension 'ros'
[2.113s] DEBUG:colcon.colcon_core.package_identification:Package 'mini_pupper_ros/mini_pupper_interfaces' with type 'ros.ament_cmake' and name 'mini_pupper_interfaces'
[2.114s] Level 1:colcon.colcon_core.package_identification:_identify(mini_pupper_ros/mini_pupper_music) by extensions ['ignore', 'ignore_ament_install']
[2.115s] Level 1:colcon.colcon_core.package_identification:_identify(mini_pupper_ros/mini_pupper_music) by extension 'ignore'
[2.115s] Level 1:colcon.colcon_core.package_identification:_identify(mini_pupper_ros/mini_pupper_music) by extension 'ignore_ament_install'
[2.115s] Level 1:colcon.colcon_core.package_identification:_identify(mini_pupper_ros/mini_pupper_music) by extensions ['colcon_pkg']
[2.116s] Level 1:colcon.colcon_core.package_identification:_identify(mini_pupper_ros/mini_pupper_music) by extension 'colcon_pkg'
[2.116s] Level 1:colcon.colcon_core.package_identification:_identify(mini_pupper_ros/mini_pupper_music) by extensions ['colcon_meta']
[2.116s] Level 1:colcon.colcon_core.package_identification:_identify(mini_pupper_ros/mini_pupper_music) by extension 'colcon_meta'
[2.117s] Level 1:colcon.colcon_core.package_identification:_identify(mini_pupper_ros/mini_pupper_music) by extensions ['ros']
[2.117s] Level 1:colcon.colcon_core.package_identification:_identify(mini_pupper_ros/mini_pupper_music) by extension 'ros'
[2.119s] DEBUG:colcon.colcon_core.package_identification:Package 'mini_pupper_ros/mini_pupper_music' with type 'ros.ament_python' and name 'mini_pupper_music'
[2.120s] Level 1:colcon.colcon_core.package_identification:_identify(mini_pupper_ros/mini_pupper_navigation) by extensions ['ignore', 'ignore_ament_install']
[2.121s] Level 1:colcon.colcon_core.package_identification:_identify(mini_pupper_ros/mini_pupper_navigation) by extension 'ignore'
[2.121s] Level 1:colcon.colcon_core.package_identification:_identify(mini_pupper_ros/mini_pupper_navigation) by extension 'ignore_ament_install'
[2.121s] Level 1:colcon.colcon_core.package_identification:_identify(mini_pupper_ros/mini_pupper_navigation) by extensions ['colcon_pkg']
[2.122s] Level 1:colcon.colcon_core.package_identification:_identify(mini_pupper_ros/mini_pupper_navigation) by extension 'colcon_pkg'
[2.122s] Level 1:colcon.colcon_core.package_identification:_identify(mini_pupper_ros/mini_pupper_navigation) by extensions ['colcon_meta']
[2.122s] Level 1:colcon.colcon_core.package_identification:_identify(mini_pupper_ros/mini_pupper_navigation) by extension 'colcon_meta'
[2.122s] Level 1:colcon.colcon_core.package_identification:_identify(mini_pupper_ros/mini_pupper_navigation) by extensions ['ros']
[2.123s] Level 1:colcon.colcon_core.package_identification:_identify(mini_pupper_ros/mini_pupper_navigation) by extension 'ros'
[2.123s] Level 1:colcon.colcon_core.package_identification:_identify(mini_pupper_ros/mini_pupper_navigation) ignored
[2.124s] Level 1:colcon.colcon_core.package_identification:_identify(ros-imu-bno055) by extensions ['ignore', 'ignore_ament_install']
[2.124s] Level 1:colcon.colcon_core.package_identification:_identify(ros-imu-bno055) by extension 'ignore'
[2.124s] Level 1:colcon.colcon_core.package_identification:_identify(ros-imu-bno055) by extension 'ignore_ament_install'
[2.125s] Level 1:colcon.colcon_core.package_identification:_identify(ros-imu-bno055) by extensions ['colcon_pkg']
[2.125s] Level 1:colcon.colcon_core.package_identification:_identify(ros-imu-bno055) by extension 'colcon_pkg'
[2.125s] Level 1:colcon.colcon_core.package_identification:_identify(ros-imu-bno055) by extensions ['colcon_meta']
[2.125s] Level 1:colcon.colcon_core.package_identification:_identify(ros-imu-bno055) by extension 'colcon_meta'
[2.126s] Level 1:colcon.colcon_core.package_identification:_identify(ros-imu-bno055) by extensions ['ros']
[2.126s] Level 1:colcon.colcon_core.package_identification:_identify(ros-imu-bno055) by extension 'ros'
[2.129s] DEBUG:colcon.colcon_core.package_identification:Failed to parse potential ROS package manifest in'ros-imu-bno055': Error(s) in package 'ros-imu-bno055/package.xml':
Error(s):
- The manifest of package "imu_bno055" (with format version 1) must not contain the following tags: build_type
[2.130s] Level 1:colcon.colcon_core.package_identification:_identify(ros-imu-bno055) by extensions ['cmake', 'python']
[2.130s] Level 1:colcon.colcon_core.package_identification:_identify(ros-imu-bno055) by extension 'cmake'
[2.137s] Level 1:colcon.colcon_core.package_identification:_identify(ros-imu-bno055) by extension 'python'
[2.138s] DEBUG:colcon.colcon_core.package_identification:Package 'ros-imu-bno055' with type 'cmake' and name 'imu_bno055'
[2.138s] Level 1:colcon.colcon_core.package_identification:_identify(src) by extensions ['ignore', 'ignore_ament_install']
[2.139s] Level 1:colcon.colcon_core.package_identification:_identify(src) by extension 'ignore'
[2.139s] Level 1:colcon.colcon_core.package_identification:_identify(src) by extension 'ignore_ament_install'
[2.140s] Level 1:colcon.colcon_core.package_identification:_identify(src) by extensions ['colcon_pkg']
[2.140s] Level 1:colcon.colcon_core.package_identification:_identify(src) by extension 'colcon_pkg'
[2.140s] Level 1:colcon.colcon_core.package_identification:_identify(src) by extensions ['colcon_meta']
[2.140s] Level 1:colcon.colcon_core.package_identification:_identify(src) by extension 'colcon_meta'
[2.140s] Level 1:colcon.colcon_core.package_identification:_identify(src) by extensions ['ros']
[2.141s] Level 1:colcon.colcon_core.package_identification:_identify(src) by extension 'ros'
[2.141s] Level 1:colcon.colcon_core.package_identification:_identify(src) by extensions ['cmake', 'python']
[2.141s] Level 1:colcon.colcon_core.package_identification:_identify(src) by extension 'cmake'
[2.141s] Level 1:colcon.colcon_core.package_identification:_identify(src) by extension 'python'
[2.142s] Level 1:colcon.colcon_core.package_identification:_identify(src) by extensions ['python_setup_py']
[2.142s] Level 1:colcon.colcon_core.package_identification:_identify(src) by extension 'python_setup_py'
[2.142s] Level 1:colcon.colcon_core.package_discovery:discover_packages(recursive) using defaults
[2.143s] Level 1:colcon.colcon_core.package_discovery:discover_packages(ignore) discover
[2.143s] Level 1:colcon.colcon_core.package_discovery:discover_packages(ignore) using defaults
[2.143s] Level 1:colcon.colcon_core.package_discovery:discover_packages(path) discover
[2.143s] Level 1:colcon.colcon_core.package_discovery:discover_packages(path) using defaults
[2.144s] WARNING:colcon.colcon_core.package_selection:ignoring unknown package 'ros-imu-bno055' in --packages-select
[2.258s] INFO:colcon.colcon_core.package_selection:Skipping not selected package 'champ' in 'champ/champ'
[2.258s] INFO:colcon.colcon_core.package_selection:Skipping not selected package 'champ_config' in 'champ/champ_config'
[2.258s] INFO:colcon.colcon_core.package_selection:Skipping not selected package 'champ_description' in 'champ/champ_description'
[2.258s] INFO:colcon.colcon_core.package_selection:Skipping not selected package 'champ_msgs' in 'champ/champ_msgs'
[2.259s] INFO:colcon.colcon_core.package_selection:Skipping not selected package 'champ_teleop' in 'champ_teleop'
[2.259s] INFO:colcon.colcon_core.package_selection:Skipping not selected package 'imu_bno055' in 'ros-imu-bno055'
[2.259s] INFO:colcon.colcon_core.package_selection:Skipping not selected package 'ldlidar' in 'ldlidar'
[2.259s] INFO:colcon.colcon_core.package_selection:Skipping not selected package 'mini_pupper_2_description' in 'mini_pupper_ros/mini_pupper_2_description'
[2.259s] INFO:colcon.colcon_core.package_selection:Skipping not selected package 'mini_pupper_description' in 'mini_pupper_ros/mini_pupper_description'
[2.259s] INFO:colcon.colcon_core.package_selection:Skipping not selected package 'mini_pupper_driver' in 'mini_pupper_ros/mini_pupper_driver'
[2.259s] INFO:colcon.colcon_core.package_selection:Skipping not selected package 'mini_pupper_interfaces' in 'mini_pupper_ros/mini_pupper_interfaces'
[2.260s] INFO:colcon.colcon_core.package_selection:Skipping not selected package 'mini_pupper_music' in 'mini_pupper_ros/mini_pupper_music'
[2.260s] INFO:colcon.colcon_core.package_selection:Skipping not selected package 'champ_base' in 'champ/champ_base'
[2.260s] INFO:colcon.colcon_core.package_selection:Skipping not selected package 'mini_pupper_dance' in 'mini_pupper_ros/mini_pupper_dance'
[2.260s] INFO:colcon.colcon_core.package_selection:Skipping not selected package 'champ_bringup' in 'champ/champ_bringup'
[2.260s] INFO:colcon.colcon_core.package_selection:Skipping not selected package 'mini_pupper_bringup' in 'mini_pupper_ros/mini_pupper_bringup'
[2.262s] Level 1:colcon.colcon_core.package_discovery:discover_packages(prefix_path) check parameters
[2.263s] Level 1:colcon.colcon_core.package_discovery:discover_packages(prefix_path) discover
[2.282s] DEBUG:colcon.colcon_installed_package_information.package_discovery:Found 16 installed packages in /home/ubuntu/ros_ws/install
[2.296s] DEBUG:colcon.colcon_installed_package_information.package_discovery:Found 329 installed packages in /opt/ros/humble
[2.309s] Level 1:colcon.colcon_core.package_discovery:discover_packages(prefix_path) using defaults
[2.570s] INFO:colcon.colcon_core.executor:Executing jobs using 'parallel' executor
[2.575s] DEBUG:colcon.colcon_parallel_executor.executor.parallel:run_until_complete
[2.576s] DEBUG:colcon.colcon_parallel_executor.executor.parallel:closing loop
[2.577s] DEBUG:colcon.colcon_parallel_executor.executor.parallel:loop closed
[2.578s] DEBUG:colcon.colcon_parallel_executor.executor.parallel:run_until_complete finished with '0'
[2.578s] DEBUG:colcon.colcon_core.event_reactor:joining thread
[2.601s] INFO:colcon.colcon_core.plugin_system:Skipping extension 'colcon_notification.desktop_notification.notify_send': Could not find 'notify-send'
[2.601s] INFO:colcon.colcon_core.plugin_system:Skipping extension 'colcon_notification.desktop_notification.terminal_notifier': Not used on non-Darwin systems
[2.601s] INFO:colcon.colcon_core.plugin_system:Skipping extension 'colcon_notification.desktop_notification.win32': Not used on non-Windows systems
[2.602s] INFO:colcon.colcon_notification.desktop_notification:Sending desktop notification using 'notify2'
[2.605s] DEBUG:colcon.colcon_notification.desktop_notification.notify2:Failed to initialize notify2: org.freedesktop.DBus.Error.ServiceUnknown: The name org.freedesktop.Notifications was not provided by any .service files
[2.605s] DEBUG:colcon.colcon_core.event_reactor:joined thread
[2.617s] INFO:colcon.colcon_core.plugin_system:Skipping extension 'colcon_core.shell.bat': Not used on non-Windows systems
[2.618s] INFO:colcon.colcon_core.shell:Creating prefix script '/home/ubuntu/ros_ws/src/install/local_setup.ps1'
[2.623s] INFO:colcon.colcon_core.shell:Creating prefix util module '/home/ubuntu/ros_ws/src/install/_local_setup_util_ps1.py'
[2.629s] INFO:colcon.colcon_core.shell:Creating prefix chain script '/home/ubuntu/ros_ws/src/install/setup.ps1'
[2.640s] INFO:colcon.colcon_core.shell:Creating prefix script '/home/ubuntu/ros_ws/src/install/local_setup.sh'
[2.644s] INFO:colcon.colcon_core.shell:Creating prefix util module '/home/ubuntu/ros_ws/src/install/_local_setup_util_sh.py'
[2.647s] INFO:colcon.colcon_core.shell:Creating prefix chain script '/home/ubuntu/ros_ws/src/install/setup.sh'
[2.658s] INFO:colcon.colcon_core.shell:Creating prefix script '/home/ubuntu/ros_ws/src/install/local_setup.bash'
[2.661s] INFO:colcon.colcon_core.shell:Creating prefix chain script '/home/ubuntu/ros_ws/src/install/setup.bash'
[2.671s] INFO:colcon.colcon_core.shell:Creating prefix script '/home/ubuntu/ros_ws/src/install/local_setup.zsh'
[2.675s] INFO:colcon.colcon_core.shell:Creating prefix chain script '/home/ubuntu/ros_ws/src/install/setup.zsh'
