[0.284s] Invoking command in '/home/ubuntu/ros_ws/src/build/ldlidar': CMAKE_PREFIX_PATH=${CMAKE_PREFIX_PATH}:/home/ubuntu/ros_ws/install/nav2_simple_commander:/home/ubuntu/ros_ws/install/nav2_loopback_sim:/home/ubuntu/ros_ws/install/mini_pupper_music:/home/ubuntu/ros_ws/install/mini_pupper_dance:/home/ubuntu/ros_ws/install/mini_pupper_driver:/home/ubuntu/ros_ws/install/bno055:/opt/ros/humble /usr/bin/cmake /home/ubuntu/ros_ws/src/ldlidar -DCMAKE_INSTALL_PREFIX=/home/ubuntu/ros_ws/src/install/ldlidar
[1.491s] -- The C compiler identification is GNU 11.4.0
[2.051s] -- The CXX compiler identification is GNU 11.4.0
[2.243s] -- Detecting C compiler ABI info
[3.600s] -- Detecting C compiler ABI info - done
[3.779s] -- Check for working C compiler: /usr/bin/cc - skipped
[3.813s] -- Detecting C compile features
[3.816s] -- Detecting C compile features - done
[3.875s] -- Detecting CXX compiler ABI info
[5.336s] -- Detecting CXX compiler ABI info - done
[5.466s] -- Check for working CXX compiler: /usr/bin/c++ - skipped
[5.468s] -- Detecting CXX compile features
[5.469s] -- Detecting CXX compile features - done
[5.716s] -- Found ament_cmake: 1.3.11 (/opt/ros/humble/share/ament_cmake/cmake)
[8.613s] -- Found Python3: /usr/bin/python3 (found version "3.10.12") found components: Interpreter 
[11.032s] -- Found rclcpp: 16.0.11 (/opt/ros/humble/share/rclcpp/cmake)
[12.775s] -- Found rosidl_generator_c: 3.1.6 (/opt/ros/humble/share/rosidl_generator_c/cmake)
[12.978s] -- Found rosidl_adapter: 3.1.6 (/opt/ros/humble/share/rosidl_adapter/cmake)
[13.342s] -- Found rosidl_generator_cpp: 3.1.6 (/opt/ros/humble/share/rosidl_generator_cpp/cmake)
[13.820s] -- Using all available rosidl_typesupport_c: rosidl_typesupport_fastrtps_c;rosidl_typesupport_introspection_c
[14.297s] -- Using all available rosidl_typesupport_cpp: rosidl_typesupport_fastrtps_cpp;rosidl_typesupport_introspection_cpp
[15.704s] -- Found rmw_implementation_cmake: 6.1.2 (/opt/ros/humble/share/rmw_implementation_cmake/cmake)
[15.823s] -- Found rmw_fastrtps_cpp: 6.2.7 (/opt/ros/humble/share/rmw_fastrtps_cpp/cmake)
[17.612s] -- Found OpenSSL: /usr/lib/aarch64-linux-gnu/libcrypto.so (found version "3.0.2")  
[18.150s] -- Found FastRTPS: /opt/ros/humble/include  
[19.200s] -- Using RMW implementation 'rmw_fastrtps_cpp' as default
[19.715s] -- Looking for pthread.h
[20.574s] -- Looking for pthread.h - found
[20.585s] -- Performing Test CMAKE_HAVE_LIBC_PTHREAD
[21.580s] -- Performing Test CMAKE_HAVE_LIBC_PTHREAD - Success
[21.586s] -- Found Threads: TRUE  
[23.083s] -- Found sensor_msgs: 4.2.4 (/opt/ros/humble/share/sensor_msgs/cmake)
[24.289s] -- Configuring done
[24.550s] -- Generating done
[24.612s] -- Build files have been written to: /home/ubuntu/ros_ws/src/build/ldlidar
[24.742s] Invoked command in '/home/ubuntu/ros_ws/src/build/ldlidar' returned '0': CMAKE_PREFIX_PATH=${CMAKE_PREFIX_PATH}:/home/ubuntu/ros_ws/install/nav2_simple_commander:/home/ubuntu/ros_ws/install/nav2_loopback_sim:/home/ubuntu/ros_ws/install/mini_pupper_music:/home/ubuntu/ros_ws/install/mini_pupper_dance:/home/ubuntu/ros_ws/install/mini_pupper_driver:/home/ubuntu/ros_ws/install/bno055:/opt/ros/humble /usr/bin/cmake /home/ubuntu/ros_ws/src/ldlidar -DCMAKE_INSTALL_PREFIX=/home/ubuntu/ros_ws/src/install/ldlidar
[24.744s] Invoking command in '/home/ubuntu/ros_ws/src/build/ldlidar': CMAKE_PREFIX_PATH=${CMAKE_PREFIX_PATH}:/home/ubuntu/ros_ws/install/nav2_simple_commander:/home/ubuntu/ros_ws/install/nav2_loopback_sim:/home/ubuntu/ros_ws/install/mini_pupper_music:/home/ubuntu/ros_ws/install/mini_pupper_dance:/home/ubuntu/ros_ws/install/mini_pupper_driver:/home/ubuntu/ros_ws/install/bno055:/opt/ros/humble /usr/bin/cmake --build /home/ubuntu/ros_ws/src/build/ldlidar -- -j4 -l4
[25.362s] [ 16%] [32mBuilding CXX object CMakeFiles/ldlidar.dir/src/cmd_interface_linux.cpp.o[0m
[31.679s] [ 33%] [32mBuilding CXX object CMakeFiles/ldlidar.dir/src/lipkg.cpp.o[0m
[46.355s] [01m[K/home/ubuntu/ros_ws/src/ldlidar/src/lipkg.cpp:[m[K In member function ‘[01m[Kvoid LiPkg::ToLaserscan(std::vector<PointData>)[m[K’:
[46.356s] [01m[K/home/ubuntu/ros_ws/src/ldlidar/src/lipkg.cpp:258:29:[m[K [01;35m[Kwarning: [m[Kcomparison of integer expressions of different signedness: ‘[01m[Kint[m[K’ and ‘[01m[Kunsigned int[m[K’ [[01;35m[K]8;;https://gcc.gnu.org/onlinedocs/gcc/Warning-Options.html#index-Wsign-compare-Wsign-compare]8;;[m[K]
[46.357s]   258 |     if (index >= 0 && [01;35m[Kindex < beam_size_[m[K)
[46.358s]       |                       [01;35m[K~~~~~~^~~~~~~~~~~~[m[K
[54.007s] [ 50%] [32mBuilding CXX object CMakeFiles/ldlidar.dir/src/tofbf.cpp.o[0m
[78.191s] [ 66%] [32mBuilding CXX object CMakeFiles/ldlidar.dir/src/ldlidar_node.cpp.o[0m
[116.162s] [ 83%] [32mBuilding CXX object CMakeFiles/ldlidar.dir/src/ldlidar.cpp.o[0m
[137.552s] [100%] [32m[1mLinking CXX executable ldlidar[0m
[139.052s] [100%] Built target ldlidar
