[13.096s] Invoking command in '/home/ubuntu/ros_ws/src/mini_pupper_ros/mini_pupper_driver': PYTHONPATH=/home/ubuntu/ros_ws/src/build/mini_pupper_driver/prefix_override:/usr/lib/python3/dist-packages/colcon_core/task/python/colcon_distutils_commands:/home/ubuntu/ros_ws/src/install/mini_pupper_driver/lib/python3.10/site-packages:${PYTHONPATH} /usr/bin/python3 -W ignore:setup.py install is deprecated -W ignore:easy_install command is deprecated setup.py egg_info --egg-base ../../build/mini_pupper_driver build --build-base /home/ubuntu/ros_ws/src/build/mini_pupper_driver/build install --record /home/ubuntu/ros_ws/src/build/mini_pupper_driver/install.log --single-version-externally-managed install_data
[16.784s] running egg_info
[16.785s] creating ../../build/mini_pupper_driver/mini_pupper_driver.egg-info
[16.789s] writing ../../build/mini_pupper_driver/mini_pupper_driver.egg-info/PKG-INFO
[16.794s] writing dependency_links to ../../build/mini_pupper_driver/mini_pupper_driver.egg-info/dependency_links.txt
[16.797s] writing entry points to ../../build/mini_pupper_driver/mini_pupper_driver.egg-info/entry_points.txt
[16.801s] writing requirements to ../../build/mini_pupper_driver/mini_pupper_driver.egg-info/requires.txt
[16.804s] writing top-level names to ../../build/mini_pupper_driver/mini_pupper_driver.egg-info/top_level.txt
[16.809s] writing manifest file '../../build/mini_pupper_driver/mini_pupper_driver.egg-info/SOURCES.txt'
[16.825s] reading manifest file '../../build/mini_pupper_driver/mini_pupper_driver.egg-info/SOURCES.txt'
[16.833s] writing manifest file '../../build/mini_pupper_driver/mini_pupper_driver.egg-info/SOURCES.txt'
[16.838s] running build
[16.841s] running build_py
[16.846s] creating /home/ubuntu/ros_ws/src/build/mini_pupper_driver/build
[16.851s] creating /home/ubuntu/ros_ws/src/build/mini_pupper_driver/build/lib
[16.855s] creating /home/ubuntu/ros_ws/src/build/mini_pupper_driver/build/lib/mini_pupper_driver
[16.859s] copying mini_pupper_driver/display_interface.py -> /home/ubuntu/ros_ws/src/build/mini_pupper_driver/build/lib/mini_pupper_driver
[16.867s] copying mini_pupper_driver/servo_interface.py -> /home/ubuntu/ros_ws/src/build/mini_pupper_driver/build/lib/mini_pupper_driver
[16.875s] copying mini_pupper_driver/imu_interface.py -> /home/ubuntu/ros_ws/src/build/mini_pupper_driver/build/lib/mini_pupper_driver
[16.882s] copying mini_pupper_driver/servo_status.py -> /home/ubuntu/ros_ws/src/build/mini_pupper_driver/build/lib/mini_pupper_driver
[16.887s] copying mini_pupper_driver/battery_status.py -> /home/ubuntu/ros_ws/src/build/mini_pupper_driver/build/lib/mini_pupper_driver
[16.894s] copying mini_pupper_driver/__init__.py -> /home/ubuntu/ros_ws/src/build/mini_pupper_driver/build/lib/mini_pupper_driver
[16.896s] running install
[16.906s] running install_lib
[16.917s] creating /home/ubuntu/ros_ws/src/install/mini_pupper_driver/lib/python3.10/site-packages/mini_pupper_driver
[16.922s] copying /home/ubuntu/ros_ws/src/build/mini_pupper_driver/build/lib/mini_pupper_driver/display_interface.py -> /home/ubuntu/ros_ws/src/install/mini_pupper_driver/lib/python3.10/site-packages/mini_pupper_driver
[16.925s] copying /home/ubuntu/ros_ws/src/build/mini_pupper_driver/build/lib/mini_pupper_driver/servo_interface.py -> /home/ubuntu/ros_ws/src/install/mini_pupper_driver/lib/python3.10/site-packages/mini_pupper_driver
[16.929s] copying /home/ubuntu/ros_ws/src/build/mini_pupper_driver/build/lib/mini_pupper_driver/imu_interface.py -> /home/ubuntu/ros_ws/src/install/mini_pupper_driver/lib/python3.10/site-packages/mini_pupper_driver
[16.934s] copying /home/ubuntu/ros_ws/src/build/mini_pupper_driver/build/lib/mini_pupper_driver/servo_status.py -> /home/ubuntu/ros_ws/src/install/mini_pupper_driver/lib/python3.10/site-packages/mini_pupper_driver
[16.942s] copying /home/ubuntu/ros_ws/src/build/mini_pupper_driver/build/lib/mini_pupper_driver/battery_status.py -> /home/ubuntu/ros_ws/src/install/mini_pupper_driver/lib/python3.10/site-packages/mini_pupper_driver
[16.948s] copying /home/ubuntu/ros_ws/src/build/mini_pupper_driver/build/lib/mini_pupper_driver/__init__.py -> /home/ubuntu/ros_ws/src/install/mini_pupper_driver/lib/python3.10/site-packages/mini_pupper_driver
[16.957s] byte-compiling /home/ubuntu/ros_ws/src/install/mini_pupper_driver/lib/python3.10/site-packages/mini_pupper_driver/display_interface.py to display_interface.cpython-310.pyc
[16.969s] byte-compiling /home/ubuntu/ros_ws/src/install/mini_pupper_driver/lib/python3.10/site-packages/mini_pupper_driver/servo_interface.py to servo_interface.cpython-310.pyc
[16.982s] byte-compiling /home/ubuntu/ros_ws/src/install/mini_pupper_driver/lib/python3.10/site-packages/mini_pupper_driver/imu_interface.py to imu_interface.cpython-310.pyc
[16.994s] byte-compiling /home/ubuntu/ros_ws/src/install/mini_pupper_driver/lib/python3.10/site-packages/mini_pupper_driver/servo_status.py to servo_status.cpython-310.pyc
[17.019s] byte-compiling /home/ubuntu/ros_ws/src/install/mini_pupper_driver/lib/python3.10/site-packages/mini_pupper_driver/battery_status.py to battery_status.cpython-310.pyc
[17.029s] byte-compiling /home/ubuntu/ros_ws/src/install/mini_pupper_driver/lib/python3.10/site-packages/mini_pupper_driver/__init__.py to __init__.cpython-310.pyc
[17.035s] running install_data
[17.039s] creating /home/ubuntu/ros_ws/src/install/mini_pupper_driver/share/ament_index
[17.042s] creating /home/ubuntu/ros_ws/src/install/mini_pupper_driver/share/ament_index/resource_index
[17.045s] creating /home/ubuntu/ros_ws/src/install/mini_pupper_driver/share/ament_index/resource_index/packages
[17.049s] copying resource/mini_pupper_driver -> /home/ubuntu/ros_ws/src/install/mini_pupper_driver/share/ament_index/resource_index/packages
[17.055s] copying package.xml -> /home/ubuntu/ros_ws/src/install/mini_pupper_driver/share/mini_pupper_driver
[17.061s] creating /home/ubuntu/ros_ws/src/install/mini_pupper_driver/share/mini_pupper_driver/launch
[17.065s] copying launch/imu_interface.launch.py -> /home/ubuntu/ros_ws/src/install/mini_pupper_driver/share/mini_pupper_driver/launch
[17.073s] copying launch/servo_interface.launch.py -> /home/ubuntu/ros_ws/src/install/mini_pupper_driver/share/mini_pupper_driver/launch
[17.078s] copying launch/display_interface.launch.py -> /home/ubuntu/ros_ws/src/install/mini_pupper_driver/share/mini_pupper_driver/launch
[17.083s] running install_egg_info
[17.099s] Copying ../../build/mini_pupper_driver/mini_pupper_driver.egg-info to /home/ubuntu/ros_ws/src/install/mini_pupper_driver/lib/python3.10/site-packages/mini_pupper_driver-0.0.1-py3.10.egg-info
[17.112s] running install_scripts
[17.398s] Installing battery_status script to /home/ubuntu/ros_ws/src/install/mini_pupper_driver/lib/mini_pupper_driver
[17.414s] Installing display_interface script to /home/ubuntu/ros_ws/src/install/mini_pupper_driver/lib/mini_pupper_driver
[17.424s] Installing imu_interface script to /home/ubuntu/ros_ws/src/install/mini_pupper_driver/lib/mini_pupper_driver
[17.433s] Installing servo_interface script to /home/ubuntu/ros_ws/src/install/mini_pupper_driver/lib/mini_pupper_driver
[17.441s] Installing servo_status script to /home/ubuntu/ros_ws/src/install/mini_pupper_driver/lib/mini_pupper_driver
[17.449s] writing list of installed files to '/home/ubuntu/ros_ws/src/build/mini_pupper_driver/install.log'
[17.660s] Invoked command in '/home/ubuntu/ros_ws/src/mini_pupper_ros/mini_pupper_driver' returned '0': PYTHONPATH=/home/ubuntu/ros_ws/src/build/mini_pupper_driver/prefix_override:/usr/lib/python3/dist-packages/colcon_core/task/python/colcon_distutils_commands:/home/ubuntu/ros_ws/src/install/mini_pupper_driver/lib/python3.10/site-packages:${PYTHONPATH} /usr/bin/python3 -W ignore:setup.py install is deprecated -W ignore:easy_install command is deprecated setup.py egg_info --egg-base ../../build/mini_pupper_driver build --build-base /home/ubuntu/ros_ws/src/build/mini_pupper_driver/build install --record /home/ubuntu/ros_ws/src/build/mini_pupper_driver/install.log --single-version-externally-managed install_data
